
> coding-usage@1.1.4 build-icons
> node ./build/build-icons.js

Font created
Font generated at D:\git\github\whyuds\CursorUsage\CodingUsage\resources\fonts\antigravity-icons.woff
[
  {
    contents: '<svg width="100" height="100" viewBox="0 0 16 16" fill="none" xmlns="http://www.w3.org/2000/svg">\r\n' +
      '  <path \r\n' +
      '    d="M 1 13.5\r\n' +
      '       C 3.5 8, 5 1.5, 8 1.5\r\n' +
      '       S 12.5 8, 15 13.5\r\n' +
      '       A 1 1 0 0 1 13 13.5\r\n' +
      '       C 11.5 10, 10 6, 8 6\r\n' +
      '       S 4.5 10, 3 13.5\r\n' +
      '       A 1 1 0 0 1 1 13.5\r\n' +
      '       Z" \r\n' +
      '    stroke="black" \r\n' +
      '    stroke-width="1.5" \r\n' +
      '    stroke-linejoin="round"\r\n' +
      '  />\r\n' +
      '</svg>\r\n',
    srcPath: 'src/icons/antigravity.svg',
    metadata: {
      path: 'src/icons/antigravity.svg',
      name: 'antigravity',
      unicode: [Array],
      renamed: false,
      width: 1000,
      height: 1000
    }
  },
  {
    contents: '<svg width="100" height="100" viewBox="0 0 16 16" fill="none" xmlns="http://www.w3.org/2000/svg">\r\n' +
      '  <path \r\n' +
      '    fill="black" \r\n' +
      '    transform="translate(1.8, 0.9) scale(0.026)" \r\n' +
      '    d="m466.383 137.073-206.469-119.2034c-6.63-3.8287-14.811-3.8287-21.441 0l-206.4586 119.2034c-5.5734 3.218-9.0144 9.169-9.0144 15.615v240.375c0 6.436 3.441 12.397 9.0144 15.615l206.4686 119.203c6.63 3.829 14.811 3.829 21.441 0l206.468-119.203c5.574-3.218 9.015-9.17 9.015-15.615v-240.375c0-6.436-3.441-12.397-9.015-15.615zm-12.969 25.25-199.316 345.223c-1.347 2.326-4.904 1.376-4.904-1.319v-226.048c0-4.517-2.414-8.695-6.33-10.963l-195.7577-113.019c-2.3263-1.347-1.3764-4.905 1.3182-4.905h398.6305c5.661 0 9.199 6.136 6.368 11.041h-.009z"\r\n' +
      '  />\r\n' +
      '</svg>',
    srcPath: 'src/icons/cursor.svg',
    metadata: {
      path: 'src/icons/cursor.svg',
      name: 'cursor',
      unicode: [Array],
      renamed: false,
      width: 1000,
      height: 1000,
      color: 'black'
    }
  },
  {
    contents: '<svg width="100" height="100" viewBox="0 0 24 24" fill="none" xmlns="http://www.w3.org/2000/svg">\r\n' +
      '  <path fill-rule="evenodd" clip-rule="evenodd" \r\n' +
      '    d="M2 4H22V20H5V19H2V4ZM5 7H19V17H5V7Z" \r\n' +
      '    fill="#000000"/>\r\n' +
      '  <path d="M9.5 10L11.5 12L9.5 14L7.5 12L9.5 10Z" fill="#000000"/>\r\n' +
      '  <path d="M14.5 10L16.5 12L14.5 14L12.5 12L14.5 10Z" fill="#000000"/>\r\n' +
      '</svg>\r\n',
    srcPath: 'src/icons/trae.svg',
    metadata: {
      path: 'src/icons/trae.svg',
      name: 'trae',
      unicode: [Array],
      renamed: false,
      width: 1000,
      height: 1000,
      color: '#000000'
    }
  }
]
